C:\USERS\USER\DOCUMENTS\GITHUB\ARXITEKTONIKI\CONSOLEAPPLICATION3\CONSOLEAPPLICATION3\DEBUG\SOURCE.OBJ
C:\USERS\USER\DOCUMENTS\GITHUB\ARXITEKTONIKI\CONSOLEAPPLICATION3\CONSOLEAPPLICATION3\DEBUG\VC110.PDB
C:\USERS\USER\DOCUMENTS\GITHUB\ARXITEKTONIKI\CONSOLEAPPLICATION3\DEBUG\CONSOLEAPPLICATION3.ILK
C:\USERS\USER\DOCUMENTS\GITHUB\ARXITEKTONIKI\CONSOLEAPPLICATION3\DEBUG\CONSOLEAPPLICATION3.EXE
C:\USERS\USER\DOCUMENTS\GITHUB\ARXITEKTONIKI\CONSOLEAPPLICATION3\DEBUG\CONSOLEAPPLICATION3.PDB
C:\Users\user\Documents\GitHub\Arxitektoniki\ConsoleApplication3\ConsoleApplication3\Debug\Source.obj
C:\Users\user\Documents\GitHub\Arxitektoniki\ConsoleApplication3\ConsoleApplication3\Debug\cl.command.1.tlog
C:\Users\user\Documents\GitHub\Arxitektoniki\ConsoleApplication3\ConsoleApplication3\Debug\CL.read.1.tlog
C:\Users\user\Documents\GitHub\Arxitektoniki\ConsoleApplication3\ConsoleApplication3\Debug\CL.write.1.tlog
C:\Users\user\Documents\GitHub\Arxitektoniki\ConsoleApplication3\ConsoleApplication3\Debug\link-cvtres.read.1.tlog
C:\Users\user\Documents\GitHub\Arxitektoniki\ConsoleApplication3\ConsoleApplication3\Debug\link-cvtres.write.1.tlog
C:\Users\user\Documents\GitHub\Arxitektoniki\ConsoleApplication3\ConsoleApplication3\Debug\link-rc.read.1.tlog
C:\Users\user\Documents\GitHub\Arxitektoniki\ConsoleApplication3\ConsoleApplication3\Debug\link-rc.write.1.tlog
C:\Users\user\Documents\GitHub\Arxitektoniki\ConsoleApplication3\ConsoleApplication3\Debug\link.command.1.tlog
C:\Users\user\Documents\GitHub\Arxitektoniki\ConsoleApplication3\ConsoleApplication3\Debug\link.read.1.tlog
C:\Users\user\Documents\GitHub\Arxitektoniki\ConsoleApplication3\ConsoleApplication3\Debug\link.write.1.tlog
C:\Users\user\Documents\GitHub\Arxitektoniki\ConsoleApplication3\ConsoleApplication3\Debug\vc110.idb
C:\Users\user\Documents\GitHub\Arxitektoniki\ConsoleApplication3\ConsoleApplication3\Debug\vc110.pdb
C:\Users\user\Documents\GitHub\Arxitektoniki\ConsoleApplication3\Debug\ConsoleApplication3.pdb
C:\Users\user\Documents\GitHub\Arxitektoniki\ConsoleApplication3\Debug\ConsoleApplication3.exe
C:\Users\user\Documents\GitHub\Arxitektoniki\ConsoleApplication3\Debug\ConsoleApplication3.ilk
